<?xml version="1.0" encoding="UTF-8"?>
<!-- Generated by org.testng.reporters.JUnitReportReporter -->
<testsuite hostname="MomndMe" failures="0" tests="1" name="basic.OrgTest" time="7.199" errors="0" timestamp="2024-03-15T00:51:27 IST" skipped="0">
  <testcase classname="basic.OrgTest" name="CreateOrgTest" time="7.199"/>
  <system-out/>
</testsuite> <!-- basic.OrgTest -->
