<?xml version="1.0" encoding="UTF-8"?>
<!-- Generated by org.testng.reporters.JUnitReportReporter -->
<testsuite hostname="MomndMe" failures="0" tests="1" name="basic.OrgTest" time="3.079" errors="0" timestamp="2024-03-18T00:05:40 IST" skipped="0">
  <testcase classname="basic.OrgTest" name="CreateOrgTest" time="3.079"/>
  <system-out/>
</testsuite> <!-- basic.OrgTest -->
